<?xml version="1.0" encoding="UTF-8"?>
<testng-results ignored="0" total="2" passed="2" failed="0" skipped="0">
  <reporter-output>
  </reporter-output>
  <suite started-at="2024-05-22T15:22:13 PDT" name="Default suite" finished-at="2024-05-22T15:22:17 PDT" duration-ms="3967">
    <groups>
    </groups>
    <test started-at="2024-05-22T15:22:13 PDT" name="Default test" finished-at="2024-05-22T15:22:17 PDT" duration-ms="3967">
      <class name="tests.ApiPortalTest">
        <test-method is-config="true" signature="initialize()[pri:0, instance:tests.ApiPortalTest@10993713]" started-at="2024-05-22T15:22:13 PDT" name="initialize" finished-at="2024-05-22T15:22:14 PDT" duration-ms="488" status="PASS">
          <reporter-output>
          </reporter-output>
        </test-method> <!-- initialize -->
        <test-method signature="addDataRequestTest_TC02()[pri:0, instance:tests.ApiPortalTest@10993713]" started-at="2024-05-22T15:22:14 PDT" name="addDataRequestTest_TC02" finished-at="2024-05-22T15:22:17 PDT" duration-ms="2845" status="PASS">
          <reporter-output>
          </reporter-output>
        </test-method> <!-- addDataRequestTest_TC02 -->
        <test-method signature="loginRequestTest_TC01()[pri:0, instance:tests.ApiPortalTest@10993713]" started-at="2024-05-22T15:22:17 PDT" name="loginRequestTest_TC01" finished-at="2024-05-22T15:22:17 PDT" duration-ms="591" status="PASS">
          <reporter-output>
          </reporter-output>
        </test-method> <!-- loginRequestTest_TC01 -->
      </class> <!-- tests.ApiPortalTest -->
    </test> <!-- Default test -->
  </suite> <!-- Default suite -->
</testng-results>
